{
  "RSpec": {
    "coverage": {
      "/home/ilja/workspace/cars/app/helpers/application_helper.rb": [
        1,
        1,
        2,
        null,
        null,
        null,
        null,
        2,
        null,
        null,
        1,
        null,
        3,
        1,
        1,
        1,
        null,
        null,
        null,
        null,
        null
      ],
      "/home/ilja/workspace/cars/app/helpers/cars_helper.rb": [
        1,
        null
      ],
      "/home/ilja/workspace/cars/app/helpers/users_helper.rb": [
        1,
        null
      ],
      "/home/ilja/workspace/cars/app/controllers/cars_controller.rb": [
        1,
        1,
        null,
        null,
        null,
        1,
        2,
        null,
        null,
        null,
        null,
        1,
        null,
        null,
        null,
        1,
        1,
        null,
        null,
        null,
        1,
        null,
        null,
        null,
        null,
        1,
        3,
        null,
        3,
        3,
        4,
        2,
        null,
        2,
        1,
        null,
        null,
        null,
        null,
        null,
        null,
        1,
        3,
        3,
        4,
        2,
        null,
        2,
        1,
        null,
        null,
        null,
        null,
        null,
        null,
        1,
        2,
        2,
        4,
        2,
        null,
        null,
        null,
        1,
        null,
        1,
        7,
        null,
        null,
        null,
        1,
        6,
        null,
        null
      ],
      "/home/ilja/workspace/cars/app/controllers/application_controller.rb": [
        1,
        1,
        null
      ],
      "/home/ilja/workspace/cars/app/controllers/users_controller.rb": [
        1,
        1,
        null,
        null,
        null,
        1,
        2,
        null,
        null,
        null,
        null,
        1,
        null,
        null,
        null,
        1,
        1,
        null,
        null,
        null,
        1,
        null,
        null,
        null,
        null,
        1,
        3,
        null,
        3,
        3,
        4,
        2,
        null,
        2,
        1,
        null,
        null,
        null,
        null,
        null,
        null,
        1,
        3,
        3,
        4,
        2,
        null,
        2,
        1,
        null,
        null,
        null,
        null,
        null,
        null,
        1,
        2,
        2,
        4,
        2,
        null,
        null,
        null,
        1,
        null,
        1,
        7,
        null,
        null,
        null,
        1,
        6,
        null,
        null
      ],
      "/home/ilja/workspace/cars/app/models/reservation.rb": [
        1,
        1,
        1,
        null,
        1,
        null,
        1,
        1,
        null,
        null,
        1,
        3,
        null,
        null,
        1,
        1,
        null,
        null,
        1,
        6,
        null,
        null,
        1,
        4,
        null,
        null
      ],
      "/home/ilja/workspace/cars/app/models/application_record.rb": [
        1,
        1,
        null
      ],
      "/home/ilja/workspace/cars/app/models/concerns/time_range_validator.rb": [
        1,
        null,
        null,
        null,
        1,
        8,
        1,
        7,
        1,
        null,
        6,
        1,
        null,
        6,
        1,
        null,
        6,
        1,
        null,
        null,
        null,
        null,
        1,
        6,
        6,
        6,
        6,
        null,
        null
      ],
      "/home/ilja/workspace/cars/app/models/car.rb": [
        1,
        1,
        1,
        null
      ],
      "/home/ilja/workspace/cars/app/models/user.rb": [
        1,
        1,
        1,
        null
      ]
    },
    "timestamp": 1499943637
  }
}
